[2019-01-06 09:04:32] my_logger.INFO: 删除商品 [] []
[2019-02-26 12:59:59] my_logger.INFO: Something interesting happened [] []
[2019-02-26 13:04:04] my_logger.INFO: Something interesting happened [] []
[2019-02-26 13:04:54] my_logger.INFO: Something interesting happened [] []
[2019-02-26 13:06:05] my_logger.INFO: Something interesting happened [] []
[2019-02-26 13:07:10] my_logger.INFO: Something interesting happened [] []
[2019-02-26 13:17:21] my_logger.INFO: Something interesting happened [] []
[2019-02-26 13:18:03] my_logger.INFO: Something interesting happened [] []
[2019-02-26 13:19:26] my_logger.INFO: Something interesting happened [] []
[2019-02-26 13:19:37] my_logger.INFO: Something interesting happened [] []
[2019-02-26 13:21:35] my_logger.INFO: Something interesting happened [] []
[2019-02-26 13:23:18] my_logger.INFO: Something interesting happened [] []
[2019-02-26 13:24:11] my_logger.INFO: Something interesting happened [] []
[2019-02-26 13:25:18] my_logger.INFO: Something interesting happened [] []
[2019-03-02 08:48:59] my_logger.INFO: init home data [] []
[2019-03-02 08:49:30] my_logger.INFO: init home data [] []
[2019-03-02 08:50:59] my_logger.INFO: init home data [] []
[2019-03-02 08:51:55] my_logger.INFO: init home data [] []
[2019-03-02 09:05:24] my_logger.INFO: init home data [] []
[2019-03-02 09:12:56] my_logger.INFO: init home data [] []
[2019-03-02 09:13:29] my_logger.INFO: init home data [] []
[2019-03-02 09:16:39] my_logger.INFO: init home data [] []
[2019-03-02 09:17:46] my_logger.INFO: init home data [] []
[2019-03-02 09:18:01] my_logger.INFO: init home data [] []
[2019-03-02 09:18:30] my_logger.INFO: init home data [] []
[2019-03-02 09:18:38] my_logger.INFO: init home data [] []
[2019-03-02 09:29:56] my_logger.INFO: init home data [] []
[2019-03-02 09:29:56] my_logger.INFO: init homebanner [] []
[2019-03-02 09:29:56] my_logger.INFO: init hometheme [] []
[2019-03-02 09:32:10] my_logger.INFO: init home data [] []
[2019-03-02 09:32:10] my_logger.INFO: init homebanner [] []
[2019-03-02 09:32:10] my_logger.INFO: init hometheme [] []
[2019-03-02 14:07:28] my_logger.INFO: init home data [] []
[2019-03-02 14:07:28] my_logger.INFO: init homebanner [] []
[2019-03-02 14:07:28] my_logger.INFO: init hometheme [] []
[2019-03-02 14:07:28] my_logger.INFO: init homesorts [] []
[2019-03-02 14:08:38] my_logger.INFO: init home data [] []
[2019-03-02 14:08:38] my_logger.INFO: init homebanner [] []
[2019-03-02 14:08:38] my_logger.INFO: init hometheme [] []
[2019-03-02 14:08:38] my_logger.INFO: init homesorts [] []
[2019-03-02 14:09:28] my_logger.INFO: init home data [] []
[2019-03-02 14:09:28] my_logger.INFO: init homebanner [] []
[2019-03-02 14:09:28] my_logger.INFO: init hometheme [] []
[2019-03-02 14:09:28] my_logger.INFO: init homesorts [] []
[2019-03-02 14:11:13] my_logger.INFO: init home data [] []
[2019-03-02 14:11:13] my_logger.INFO: init homebanner [] []
[2019-03-02 14:11:13] my_logger.INFO: init hometheme [] []
[2019-03-02 14:11:13] my_logger.INFO: init homesorts [] []
[2019-03-02 14:11:31] my_logger.INFO: init home data [] []
[2019-03-02 14:11:31] my_logger.INFO: init homebanner [] []
[2019-03-02 14:11:31] my_logger.INFO: init hometheme [] []
[2019-03-02 14:11:31] my_logger.INFO: init homesorts [] []
[2019-03-02 14:24:53] my_logger.INFO: init home data [] []
[2019-03-02 14:24:53] my_logger.INFO: init homebanner [] []
[2019-03-02 14:24:53] my_logger.INFO: init hometheme [] []
[2019-03-02 14:24:53] my_logger.INFO: init homesorts [] []
[2019-03-02 14:25:35] my_logger.INFO: init home data [] []
[2019-03-02 14:25:35] my_logger.INFO: init homebanner [] []
[2019-03-02 14:25:35] my_logger.INFO: init hometheme [] []
[2019-03-02 14:25:35] my_logger.INFO: init homesorts [] []
[2019-03-02 14:25:35] my_logger.INFO: init homesorts [] []
[2019-03-02 14:26:38] my_logger.INFO: init home data [] []
[2019-03-02 14:26:38] my_logger.INFO: init homebanner [] []
[2019-03-02 14:26:38] my_logger.INFO: init hometheme [] []
[2019-03-02 14:26:38] my_logger.INFO: init homesorts [] []
[2019-03-02 14:27:33] my_logger.INFO: init home data [] []
[2019-03-02 14:27:33] my_logger.INFO: init homebanner [] []
[2019-03-02 14:27:33] my_logger.INFO: init hometheme [] []
[2019-03-02 14:27:33] my_logger.INFO: init homesorts [] []
[2019-03-02 14:27:33] my_logger.INFO: init homesorts [] []
[2019-03-02 14:28:25] my_logger.INFO: init home data [] []
[2019-03-02 14:28:25] my_logger.INFO: init homebanner [] []
[2019-03-02 14:28:25] my_logger.INFO: init hometheme [] []
[2019-03-02 14:28:25] my_logger.INFO: init homesorts [] []
[2019-03-02 14:28:25] my_logger.INFO: init homesorts [] []
[2019-03-02 14:28:37] my_logger.INFO: init home data [] []
[2019-03-02 14:28:37] my_logger.INFO: init homebanner [] []
[2019-03-02 14:28:37] my_logger.INFO: init hometheme [] []
[2019-03-02 14:28:37] my_logger.INFO: init homesorts [] []
[2019-03-02 14:28:37] my_logger.INFO: init homesorts [] []
[2019-03-02 14:28:55] my_logger.INFO: init home data [] []
[2019-03-02 14:28:55] my_logger.INFO: init homebanner [] []
[2019-03-02 14:28:55] my_logger.INFO: init hometheme [] []
[2019-03-02 14:28:55] my_logger.INFO: init homesorts [] []
[2019-03-02 14:29:10] my_logger.INFO: init home data [] []
[2019-03-02 14:29:10] my_logger.INFO: init homebanner [] []
[2019-03-02 14:29:10] my_logger.INFO: init hometheme [] []
[2019-03-02 14:29:10] my_logger.INFO: init homesorts [] []
[2019-03-02 14:29:10] my_logger.INFO: init homesorts [] []
[2019-03-02 14:29:38] my_logger.INFO: init home data [] []
[2019-03-02 14:29:38] my_logger.INFO: init homebanner [] []
[2019-03-02 14:29:38] my_logger.INFO: init hometheme [] []
[2019-03-02 14:29:38] my_logger.INFO: init homesorts [] []
[2019-03-02 14:29:38] my_logger.INFO: init homesorts [] []
[2019-03-02 14:29:55] my_logger.INFO: init home data [] []
[2019-03-02 14:29:55] my_logger.INFO: init homebanner [] []
[2019-03-02 14:29:55] my_logger.INFO: init hometheme [] []
[2019-03-02 14:29:55] my_logger.INFO: init homesorts [] []
[2019-03-02 14:29:55] my_logger.INFO: init homesorts [] []
[2019-03-02 14:30:27] my_logger.INFO: init home data [] []
[2019-03-02 14:30:27] my_logger.INFO: init homebanner [] []
[2019-03-02 14:30:27] my_logger.INFO: init hometheme [] []
[2019-03-02 14:30:27] my_logger.INFO: init homesorts [] []
[2019-03-02 14:30:27] my_logger.INFO: init homesorts [] []
[2019-03-02 14:30:43] my_logger.INFO: init home data [] []
[2019-03-02 14:30:43] my_logger.INFO: init homebanner [] []
[2019-03-02 14:30:43] my_logger.INFO: init hometheme [] []
[2019-03-02 14:30:43] my_logger.INFO: init homesorts [] []
[2019-03-02 14:30:43] my_logger.INFO: init homesorts [] []
[2019-03-02 14:30:49] my_logger.INFO: init home data [] []
[2019-03-02 14:30:49] my_logger.INFO: init homebanner [] []
[2019-03-02 14:30:49] my_logger.INFO: init hometheme [] []
[2019-03-02 14:30:49] my_logger.INFO: init homesorts [] []
[2019-03-02 14:30:49] my_logger.INFO: init homesorts [] []
[2019-03-02 14:57:34] my_logger.INFO: init home data [] []
[2019-03-02 14:57:34] my_logger.INFO: init homebanner [] []
[2019-03-02 14:57:34] my_logger.INFO: init hometheme [] []
[2019-03-02 14:57:34] my_logger.INFO: init homesorts [] []
[2019-03-02 14:57:34] my_logger.INFO: init homesorts [] []
[2019-03-02 14:57:34] my_logger.INFO: init homesaletype [] []
[2019-03-02 15:12:00] my_logger.INFO: init home data [] []
[2019-03-02 15:12:00] my_logger.INFO: init homebanner [] []
[2019-03-02 15:12:00] my_logger.INFO: init hometheme [] []
[2019-03-02 15:12:00] my_logger.INFO: init homesorts [] []
[2019-03-02 15:12:00] my_logger.INFO: init homesorts [] []
[2019-03-02 15:12:00] my_logger.INFO: init homesaletype [] []
[2019-03-02 15:13:52] my_logger.INFO: init home data [] []
[2019-03-02 15:13:52] my_logger.INFO: init homebanner [] []
[2019-03-02 15:13:52] my_logger.INFO: init hometheme [] []
[2019-03-02 15:13:52] my_logger.INFO: init homesorts [] []
[2019-03-02 15:13:52] my_logger.INFO: init homesorts [] []
[2019-03-02 15:13:52] my_logger.INFO: init homesaletype [] []
[2019-03-02 15:14:31] my_logger.INFO: init home data [] []
[2019-03-02 15:14:31] my_logger.INFO: init homebanner [] []
[2019-03-02 15:14:31] my_logger.INFO: init hometheme [] []
[2019-03-02 15:14:31] my_logger.INFO: init homesorts [] []
[2019-03-02 15:14:31] my_logger.INFO: init homesorts [] []
[2019-03-02 15:14:31] my_logger.INFO: init homesaletype [] []
[2019-03-02 15:15:10] my_logger.INFO: init home data [] []
[2019-03-02 15:15:10] my_logger.INFO: init homebanner [] []
[2019-03-02 15:15:10] my_logger.INFO: init hometheme [] []
[2019-03-02 15:15:10] my_logger.INFO: init homesorts [] []
[2019-03-02 15:15:10] my_logger.INFO: init homesorts [] []
[2019-03-02 15:15:10] my_logger.INFO: init homesaletype [] []
[2019-03-02 15:15:10] my_logger.INFO: init homesaletype [] []
[2019-03-02 15:15:52] my_logger.INFO: init home data [] []
[2019-03-02 15:15:52] my_logger.INFO: init homebanner [] []
[2019-03-02 15:15:52] my_logger.INFO: init hometheme [] []
[2019-03-02 15:15:52] my_logger.INFO: init homesorts [] []
[2019-03-02 15:15:52] my_logger.INFO: init homesorts [] []
[2019-03-02 15:15:52] my_logger.INFO: init homesaletype [] []
[2019-03-02 15:15:52] my_logger.INFO: init homesaletype [] []
[2019-03-02 15:15:57] my_logger.INFO: init home data [] []
[2019-03-02 15:15:57] my_logger.INFO: init homebanner [] []
[2019-03-02 15:15:57] my_logger.INFO: init hometheme [] []
[2019-03-02 15:15:57] my_logger.INFO: init homesorts [] []
[2019-03-02 15:15:57] my_logger.INFO: init homesorts [] []
[2019-03-02 15:15:57] my_logger.INFO: init homesaletype [] []
[2019-03-02 15:15:57] my_logger.INFO: init homesaletype [] []
